<?xml version="1.0" encoding="UTF-8"?>
<!-- Generated by org.testng.reporters.JUnitReportReporter -->
<testsuite skipped="0" hostname="DESKTOP-TRQFG73" name="learnTestNG.LearnPriority" tests="4" failures="0" timestamp="20 Dec 2017 17:10:09 GMT" time="0.023" errors="0">
  <testcase name="test3" time="0.015" classname="learnTestNG.LearnPriority"/>
  <testcase name="test4" time="0.003" classname="learnTestNG.LearnPriority"/>
  <testcase name="test1" time="0.003" classname="learnTestNG.LearnPriority"/>
  <testcase name="test2" time="0.002" classname="learnTestNG.LearnPriority"/>
</testsuite> <!-- learnTestNG.LearnPriority -->
