<?xml version="1.0" encoding="UTF-8"?>
<!-- Generated by org.testng.reporters.JUnitReportReporter -->
<testsuite skipped="0" hostname="DESKTOP-TRQFG73" name="forTestNG.Version6132" tests="1" failures="0" timestamp="20 Dec 2017 15:55:50 GMT" time="18.033" errors="0">
  <testcase name="version" time="18.033" classname="forTestNG.Version6132"/>
</testsuite> <!-- forTestNG.Version6132 -->
