<?xml version="1.0" encoding="UTF-8"?>
<!-- Generated by org.testng.reporters.JUnitReportReporter -->
<testsuite skipped="0" hostname="DESKTOP-TRQFG73" name="forTestNG.Version6131" tests="1" failures="0" timestamp="20 Dec 2017 15:55:50 GMT" time="37.999" errors="0">
  <testcase name="version" time="37.999" classname="forTestNG.Version6131"/>
</testsuite> <!-- forTestNG.Version6131 -->
