<?xml version="1.0" encoding="UTF-8"?>
<!-- Generated by org.testng.reporters.JUnitReportReporter -->
<testsuite skipped="0" hostname="DESKTOP-TRQFG73" name="learnTestNG.LearnAnnotations" tests="2" failures="0" timestamp="20 Dec 2017 17:08:08 GMT" time="0.009" errors="0">
  <testcase name="test1" time="0.006" classname="learnTestNG.LearnAnnotations"/>
  <testcase name="test2" time="0.003" classname="learnTestNG.LearnAnnotations"/>
</testsuite> <!-- learnTestNG.LearnAnnotations -->
